# JRE version: Java(TM) SE Runtime Environment (21.0.8+12) (build 21.0.8+12-LTS-250)
# Java VM: Java HotSpot(TM) 64-Bit Server VM (21.0.8+12-LTS-250, mixed mode, sharing, tiered, compressed oops, compressed class ptrs, g1 gc, windows-amd64)
GC Precious Log:
 CardTable entry size: 512
 Card Set container configuration: InlinePtr #cards 5 size 8 Array Of Cards #cards 12 size 40 Howl #buckets 4 coarsen threshold 1843 Howl Bitmap #cards 512 size 80 coarsen threshold 460 Card regions per heap region 1 cards per card region 2048
 CPUs: 4 total, 4 available
 Memory: 3470M
 Large Page Support: Disabled
 NUMA Support: Disabled
 Compressed Oops: Enabled (32-bit)
 Heap Region Size: 1M
 Heap Min Capacity: 8M
 Heap Initial Capacity: 56M
 Heap Max Capacity: 868M
 Pre-touch: Disabled
 Parallel Workers: 4
 Concurrent Workers: 1
 Concurrent Refinement Workers: 4
 Periodic GC: Disabled
Heap:
 garbage-first heap   total 55296K, used 45756K [0x00000000c9c00000, 0x0000000100000000)
  region size 1024K, 22 young (22528K), 0 survivors (0K)
 Metaspace       used 66803K, committed 67520K, reserved 1114112K
  class space    used 9079K, committed 9408K, reserved 1048576K
GC Heap History (20 events):
Event: 11.474 GC heap before
{Heap before GC invocations=7 (full 0):
 garbage-first heap   total 55296K, used 43540K [0x00000000c9c00000, 0x0000000100000000)
  region size 1024K, 31 young (31744K), 4 survivors (4096K)
 Metaspace       used 31815K, committed 32384K, reserved 1114112K
  class space    used 4035K, committed 4288K, reserved 1048576K
}
Event: 11.492 GC heap after
{Heap after GC invocations=8 (full 0):
 garbage-first heap   total 55296K, used 18719K [0x00000000c9c00000, 0x0000000100000000)
  region size 1024K, 3 young (3072K), 3 survivors (3072K)
 Metaspace       used 31815K, committed 32384K, reserved 1114112K
  class space    used 4035K, committed 4288K, reserved 1048576K
}
Event: 12.607 GC heap before
{Heap before GC invocations=8 (full 0):
 garbage-first heap   total 55296K, used 33055K [0x00000000c9c00000, 0x0000000100000000)
  region size 1024K, 18 young (18432K), 3 survivors (3072K)
 Metaspace       used 35415K, committed 35968K, reserved 1114112K
  class space    used 4737K, committed 4992K, reserved 1048576K
}
Event: 12.615 GC heap after
{Heap after GC invocations=9 (full 0):
 garbage-first heap   total 55296K, used 19982K [0x00000000c9c00000, 0x0000000100000000)
  region size 1024K, 2 young (2048K), 2 survivors (2048K)
 Metaspace       used 35415K, committed 35968K, reserved 1114112K
  class space    used 4737K, committed 4992K, reserved 1048576K
}
Event: 14.495 GC heap before
{Heap before GC invocations=10 (full 0):
 garbage-first heap   total 55296K, used 44558K [0x00000000c9c00000, 0x0000000100000000)
  region size 1024K, 27 young (27648K), 2 survivors (2048K)
 Metaspace       used 42838K, committed 43456K, reserved 1114112K
  class space    used 5784K, committed 6080K, reserved 1048576K
}
Event: 14.503 GC heap after
{Heap after GC invocations=11 (full 0):
 garbage-first heap   total 55296K, used 21745K [0x00000000c9c00000, 0x0000000100000000)
  region size 1024K, 4 young (4096K), 4 survivors (4096K)
 Metaspace       used 42838K, committed 43456K, reserved 1114112K
  class space    used 5784K, committed 6080K, reserved 1048576K
}
Event: 16.217 GC heap before
{Heap before GC invocations=11 (full 0):
 garbage-first heap   total 55296K, used 45297K [0x00000000c9c00000, 0x0000000100000000)
  region size 1024K, 27 young (27648K), 4 survivors (4096K)
 Metaspace       used 48905K, committed 49536K, reserved 1114112K
  class space    used 6536K, committed 6784K, reserved 1048576K
}
Event: 16.227 GC heap after
{Heap after GC invocations=12 (full 0):
 garbage-first heap   total 55296K, used 22957K [0x00000000c9c00000, 0x0000000100000000)
  region size 1024K, 4 young (4096K), 4 survivors (4096K)
 Metaspace       used 48905K, committed 49536K, reserved 1114112K
  class space    used 6536K, committed 6784K, reserved 1048576K
}
Event: 17.889 GC heap before
{Heap before GC invocations=12 (full 0):
 garbage-first heap   total 55296K, used 44461K [0x00000000c9c00000, 0x0000000100000000)
  region size 1024K, 26 young (26624K), 4 survivors (4096K)
 Metaspace       used 55964K, committed 56576K, reserved 1114112K
  class space    used 7639K, committed 7936K, reserved 1048576K
}
Event: 17.897 GC heap after
{Heap after GC invocations=13 (full 0):
 garbage-first heap   total 55296K, used 24012K [0x00000000c9c00000, 0x0000000100000000)
  region size 1024K, 3 young (3072K), 3 survivors (3072K)
 Metaspace       used 55964K, committed 56576K, reserved 1114112K
  class space    used 7639K, committed 7936K, reserved 1048576K
}
Event: 18.742 GC heap before
{Heap before GC invocations=13 (full 0):
 garbage-first heap   total 55296K, used 38348K [0x00000000c9c00000, 0x0000000100000000)
  region size 1024K, 19 young (19456K), 3 survivors (3072K)
 Metaspace       used 59513K, committed 60096K, reserved 1114112K
  class space    used 8111K, committed 8384K, reserved 1048576K
}
Event: 18.751 GC heap after
{Heap after GC invocations=14 (full 0):
 garbage-first heap   total 55296K, used 25436K [0x00000000c9c00000, 0x0000000100000000)
  region size 1024K, 3 young (3072K), 3 survivors (3072K)
 Metaspace       used 59513K, committed 60096K, reserved 1114112K
  class space    used 8111K, committed 8384K, reserved 1048576K
}
Event: 20.181 GC heap before
{Heap before GC invocations=15 (full 0):
 garbage-first heap   total 55296K, used 46940K [0x00000000c9c00000, 0x0000000100000000)
  region size 1024K, 24 young (24576K), 3 survivors (3072K)
 Metaspace       used 62270K, committed 62912K, reserved 1114112K
  class space    used 8551K, committed 8832K, reserved 1048576K
}
Event: 20.189 GC heap after
{Heap after GC invocations=16 (full 0):
 garbage-first heap   total 55296K, used 27272K [0x00000000c9c00000, 0x0000000100000000)
  region size 1024K, 3 young (3072K), 3 survivors (3072K)
 Metaspace       used 62270K, committed 62912K, reserved 1114112K
  class space    used 8551K, committed 8832K, reserved 1048576K
}
Event: 218.951 GC heap before
{Heap before GC invocations=16 (full 0):
 garbage-first heap   total 55296K, used 46728K [0x00000000c9c00000, 0x0000000100000000)
  region size 1024K, 23 young (23552K), 3 survivors (3072K)
 Metaspace       used 65989K, committed 66688K, reserved 1114112K
  class space    used 9005K, committed 9344K, reserved 1048576K
}
Event: 219.008 GC heap after
{Heap after GC invocations=17 (full 0):
 garbage-first heap   total 55296K, used 28763K [0x00000000c9c00000, 0x0000000100000000)
  region size 1024K, 2 young (2048K), 2 survivors (2048K)
 Metaspace       used 65989K, committed 66688K, reserved 1114112K
  class space    used 9005K, committed 9344K, reserved 1048576K
}
Event: 842.060 GC heap before
{Heap before GC invocations=17 (full 0):
 garbage-first heap   total 55296K, used 48219K [0x00000000c9c00000, 0x0000000100000000)
  region size 1024K, 21 young (21504K), 2 survivors (2048K)
 Metaspace       used 66460K, committed 67200K, reserved 1114112K
  class space    used 9055K, committed 9408K, reserved 1048576K
}
Event: 842.165 GC heap after
{Heap after GC invocations=18 (full 0):
 garbage-first heap   total 55296K, used 28863K [0x00000000c9c00000, 0x0000000100000000)
  region size 1024K, 2 young (2048K), 2 survivors (2048K)
 Metaspace       used 66460K, committed 67200K, reserved 1114112K
  class space    used 9055K, committed 9408K, reserved 1048576K
}
Event: 1316.788 GC heap before
{Heap before GC invocations=19 (full 0):
 garbage-first heap   total 55296K, used 42175K [0x00000000c9c00000, 0x0000000100000000)
  region size 1024K, 16 young (16384K), 2 survivors (2048K)
 Metaspace       used 66549K, committed 67264K, reserved 1114112K
  class space    used 9076K, committed 9408K, reserved 1048576K
}
Event: 1317.322 GC heap after
{Heap after GC invocations=20 (full 1):
 garbage-first heap   total 55296K, used 24252K [0x00000000c9c00000, 0x0000000100000000)
  region size 1024K, 0 young (0K), 0 survivors (0K)
 Metaspace       used 66525K, committed 67264K, reserved 1114112K
  class space    used 9069K, committed 9408K, reserved 1048576K
}

